# JRE version: Java(TM) SE Runtime Environment (23.0.1+11) (build 23.0.1+11-39)
# Java VM: Java HotSpot(TM) 64-Bit Server VM (23.0.1+11-39, mixed mode, emulated-client, sharing, tiered, compressed oops, compressed class ptrs, g1 gc, windows-amd64)
GC Precious Log:
 CardTable entry size: 512
 Card Set container configuration: InlinePtr #cards 5 size 8 Array Of Cards #cards 10 size 36 Howl #buckets 4 coarsen threshold 1843 Howl Bitmap #cards 512 size 80 coarsen threshold 460 Card regions per heap region 1 cards per card region 2048
 CPUs: 4 total, 4 available
 Memory: 1975M
 Large Page Support: Disabled
 NUMA Support: Disabled
 Compressed Oops: Enabled (32-bit)
 Heap Region Size: 1M
 Heap Min Capacity: 8M
 Heap Initial Capacity: 32M
 Heap Max Capacity: 494M
 Pre-touch: Disabled
 Parallel Workers: 4
 Concurrent Workers: 1
 Concurrent Refinement Workers: 4
 Periodic GC: Disabled
Heap:
 garbage-first heap   total reserved 505856K, committed 32768K, used 18004K [0x00000000e1200000, 0x0000000100000000)
  region size 1024K, 2 young (2048K), 2 survivors (2048K)
 Metaspace       used 23892K, committed 24256K, reserved 1114112K
  class space    used 3447K, committed 3584K, reserved 1048576K
GC Heap History (20 events):
Event: 2.529 GC heap after
{Heap after GC invocations=2 (full 0):
 garbage-first heap   total reserved 505856K, committed 32768K, used 8416K [0x00000000e1200000, 0x0000000100000000)
  region size 1024K, 1 young (1024K), 1 survivors (1024K)
 Metaspace       used 4690K, committed 4928K, reserved 1114112K
  class space    used 667K, committed 768K, reserved 1048576K
}
Event: 3.899 GC heap before
{Heap before GC invocations=2 (full 0):
 garbage-first heap   total reserved 505856K, committed 32768K, used 19680K [0x00000000e1200000, 0x0000000100000000)
  region size 1024K, 12 young (12288K), 1 survivors (1024K)
 Metaspace       used 7126K, committed 7488K, reserved 1114112K
  class space    used 1037K, committed 1216K, reserved 1048576K
}
Event: 3.902 GC heap after
{Heap after GC invocations=3 (full 0):
 garbage-first heap   total reserved 505856K, committed 32768K, used 9421K [0x00000000e1200000, 0x0000000100000000)
  region size 1024K, 2 young (2048K), 2 survivors (2048K)
 Metaspace       used 7126K, committed 7488K, reserved 1114112K
  class space    used 1037K, committed 1216K, reserved 1048576K
}
Event: 4.405 GC heap before
{Heap before GC invocations=3 (full 0):
 garbage-first heap   total reserved 505856K, committed 32768K, used 21709K [0x00000000e1200000, 0x0000000100000000)
  region size 1024K, 14 young (14336K), 2 survivors (2048K)
 Metaspace       used 9889K, committed 10240K, reserved 1114112K
  class space    used 1472K, committed 1600K, reserved 1048576K
}
Event: 4.419 GC heap after
{Heap after GC invocations=4 (full 0):
 garbage-first heap   total reserved 505856K, committed 32768K, used 10293K [0x00000000e1200000, 0x0000000100000000)
  region size 1024K, 2 young (2048K), 2 survivors (2048K)
 Metaspace       used 9889K, committed 10240K, reserved 1114112K
  class space    used 1472K, committed 1600K, reserved 1048576K
}
Event: 4.930 GC heap before
{Heap before GC invocations=4 (full 0):
 garbage-first heap   total reserved 505856K, committed 32768K, used 22581K [0x00000000e1200000, 0x0000000100000000)
  region size 1024K, 15 young (15360K), 2 survivors (2048K)
 Metaspace       used 12237K, committed 12544K, reserved 1114112K
  class space    used 1905K, committed 2048K, reserved 1048576K
}
Event: 4.935 GC heap after
{Heap after GC invocations=5 (full 0):
 garbage-first heap   total reserved 505856K, committed 32768K, used 11160K [0x00000000e1200000, 0x0000000100000000)
  region size 1024K, 2 young (2048K), 2 survivors (2048K)
 Metaspace       used 12237K, committed 12544K, reserved 1114112K
  class space    used 1905K, committed 2048K, reserved 1048576K
}
Event: 5.379 GC heap before
{Heap before GC invocations=5 (full 0):
 garbage-first heap   total reserved 505856K, committed 32768K, used 23448K [0x00000000e1200000, 0x0000000100000000)
  region size 1024K, 15 young (15360K), 2 survivors (2048K)
 Metaspace       used 16226K, committed 16576K, reserved 1114112K
  class space    used 2350K, committed 2496K, reserved 1048576K
}
Event: 5.384 GC heap after
{Heap after GC invocations=6 (full 0):
 garbage-first heap   total reserved 505856K, committed 32768K, used 12602K [0x00000000e1200000, 0x0000000100000000)
  region size 1024K, 2 young (2048K), 2 survivors (2048K)
 Metaspace       used 16226K, committed 16576K, reserved 1114112K
  class space    used 2350K, committed 2496K, reserved 1048576K
}
Event: 5.633 GC heap before
{Heap before GC invocations=6 (full 0):
 garbage-first heap   total reserved 505856K, committed 32768K, used 24890K [0x00000000e1200000, 0x0000000100000000)
  region size 1024K, 15 young (15360K), 2 survivors (2048K)
 Metaspace       used 18644K, committed 18944K, reserved 1114112K
  class space    used 2659K, committed 2816K, reserved 1048576K
}
Event: 5.638 GC heap after
{Heap after GC invocations=7 (full 0):
 garbage-first heap   total reserved 505856K, committed 32768K, used 13908K [0x00000000e1200000, 0x0000000100000000)
  region size 1024K, 2 young (2048K), 2 survivors (2048K)
 Metaspace       used 18644K, committed 18944K, reserved 1114112K
  class space    used 2659K, committed 2816K, reserved 1048576K
}
Event: 6.064 GC heap before
{Heap before GC invocations=7 (full 0):
 garbage-first heap   total reserved 505856K, committed 32768K, used 25172K [0x00000000e1200000, 0x0000000100000000)
  region size 1024K, 14 young (14336K), 2 survivors (2048K)
 Metaspace       used 20840K, committed 21184K, reserved 1114112K
  class space    used 2974K, committed 3136K, reserved 1048576K
}
Event: 6.068 GC heap after
{Heap after GC invocations=8 (full 0):
 garbage-first heap   total reserved 505856K, committed 32768K, used 15712K [0x00000000e1200000, 0x0000000100000000)
  region size 1024K, 2 young (2048K), 2 survivors (2048K)
 Metaspace       used 20840K, committed 21184K, reserved 1114112K
  class space    used 2974K, committed 3136K, reserved 1048576K
}
Event: 6.213 GC heap before
{Heap before GC invocations=8 (full 0):
 garbage-first heap   total reserved 505856K, committed 32768K, used 18784K [0x00000000e1200000, 0x0000000100000000)
  region size 1024K, 6 young (6144K), 2 survivors (2048K)
 Metaspace       used 21132K, committed 21504K, reserved 1114112K
  class space    used 3017K, committed 3136K, reserved 1048576K
}
Event: 6.219 GC heap after
{Heap after GC invocations=9 (full 0):
 garbage-first heap   total reserved 505856K, committed 32768K, used 16377K [0x00000000e1200000, 0x0000000100000000)
  region size 1024K, 1 young (1024K), 1 survivors (1024K)
 Metaspace       used 21132K, committed 21504K, reserved 1114112K
  class space    used 3017K, committed 3136K, reserved 1048576K
}
Event: 6.623 GC heap before
{Heap before GC invocations=10 (full 0):
 garbage-first heap   total reserved 505856K, committed 32768K, used 26617K [0x00000000e1200000, 0x0000000100000000)
  region size 1024K, 11 young (11264K), 1 survivors (1024K)
 Metaspace       used 21405K, committed 21760K, reserved 1114112K
  class space    used 3081K, committed 3200K, reserved 1048576K
}
Event: 6.626 GC heap after
{Heap after GC invocations=11 (full 0):
 garbage-first heap   total reserved 505856K, committed 32768K, used 16956K [0x00000000e1200000, 0x0000000100000000)
  region size 1024K, 2 young (2048K), 2 survivors (2048K)
 Metaspace       used 21405K, committed 21760K, reserved 1114112K
  class space    used 3081K, committed 3200K, reserved 1048576K
}
Event: 7.053 GC heap before
{Heap before GC invocations=11 (full 0):
 garbage-first heap   total reserved 505856K, committed 32768K, used 26172K [0x00000000e1200000, 0x0000000100000000)
  region size 1024K, 11 young (11264K), 2 survivors (2048K)
 Metaspace       used 22704K, committed 23040K, reserved 1114112K
  class space    used 3254K, committed 3392K, reserved 1048576K
}
Event: 7.061 GC heap after
{Heap after GC invocations=12 (full 0):
 garbage-first heap   total reserved 505856K, committed 32768K, used 17403K [0x00000000e1200000, 0x0000000100000000)
  region size 1024K, 2 young (2048K), 2 survivors (2048K)
 Metaspace       used 22704K, committed 23040K, reserved 1114112K
  class space    used 3254K, committed 3392K, reserved 1048576K
}
Event: 7.522 GC heap before
{Heap before GC invocations=12 (full 0):
 garbage-first heap   total reserved 505856K, committed 32768K, used 26619K [0x00000000e1200000, 0x0000000100000000)
  region size 1024K, 11 young (11264K), 2 survivors (2048K)
 Metaspace       used 23892K, committed 24256K, reserved 1114112K
  class space    used 3447K, committed 3584K, reserved 1048576K
}

